<?xml version="1.0" encoding="UTF-8"?>
<!-- Generated by org.testng.reporters.JUnitReportReporter -->
<testsuite skipped="0" hostname="INPF182FJR" name="com.crm.qa.testcases.LoginPageTest" tests="1" failures="0" timestamp="2021-04-08T11:38:45 IST" time="50.867" errors="0">
  <testcase name="loginTest" time="50.867" classname="com.crm.qa.testcases.LoginPageTest"/>
  <system-out/>
</testsuite> <!-- com.crm.qa.testcases.LoginPageTest -->
