<?xml version="1.0" encoding="UTF-8"?>
<!-- Generated by org.testng.reporters.JUnitReportReporter -->
<testsuite skipped="0" hostname="INPF182FJR" name="com.crm.qa.testcases.HomePageTest" tests="3" failures="0" timestamp="2021-04-06T10:45:57 IST" time="110.935" errors="0">
  <testcase name="verify_homepage_title" time="31.528" classname="com.crm.qa.testcases.HomePageTest"/>
  <system-out/>
  <testcase name="verify_username_text" time="36.783" classname="com.crm.qa.testcases.HomePageTest"/>
  <system-out/>
  <testcase name="verifyContactsLinkTest" time="42.624" classname="com.crm.qa.testcases.HomePageTest"/>
  <system-out/>
</testsuite> <!-- com.crm.qa.testcases.HomePageTest -->
