<?xml version="1.0" encoding="UTF-8"?>
<!-- Generated by org.testng.reporters.JUnitReportReporter -->
<testsuite skipped="0" hostname="INPF182FJR" name="com.crm.qa.testcases.HomePageTest" tests="3" failures="0" timestamp="2021-04-08T00:15:25 IST" time="205.971" errors="0">
  <testcase name="verify_homepage_title" time="83.560" classname="com.crm.qa.testcases.HomePageTest"/>
  <system-out/>
  <testcase name="verify_username_text" time="64.222" classname="com.crm.qa.testcases.HomePageTest"/>
  <system-out/>
  <testcase name="verifyContactsLinkTest" time="58.189" classname="com.crm.qa.testcases.HomePageTest"/>
  <system-out/>
</testsuite> <!-- com.crm.qa.testcases.HomePageTest -->
