<?xml version="1.0" encoding="UTF-8"?>
<!-- Generated by org.testng.reporters.JUnitReportReporter -->
<testsuite skipped="0" hostname="INPF182FJR" name="com.crm.qa.testcases.HomePageTest" tests="3" failures="0" timestamp="2021-04-11T13:22:08 IST" time="142.708" errors="0">
  <testcase name="verify_homepage_title" time="47.382" classname="com.crm.qa.testcases.HomePageTest"/>
  <system-out/>
  <testcase name="verify_username_text" time="55.674" classname="com.crm.qa.testcases.HomePageTest"/>
  <system-out/>
  <testcase name="verifyContactsLinkTest" time="39.652" classname="com.crm.qa.testcases.HomePageTest"/>
  <system-out/>
</testsuite> <!-- com.crm.qa.testcases.HomePageTest -->
