<?xml version="1.0" encoding="UTF-8"?>
<!-- Generated by org.testng.reporters.JUnitReportReporter -->
<testsuite skipped="0" hostname="INPF182FJR" name="com.crm.qa.testcases.LoginPageTest" tests="1" failures="0" timestamp="2021-04-06T10:45:57 IST" time="47.892" errors="0">
  <testcase name="loginTest" time="47.892" classname="com.crm.qa.testcases.LoginPageTest"/>
  <system-out/>
</testsuite> <!-- com.crm.qa.testcases.LoginPageTest -->
