<?xml version="1.0" encoding="UTF-8"?>
<!-- Generated by org.testng.reporters.JUnitReportReporter -->
<testsuite skipped="1" hostname="INPF182FJR" name="com.crm.qa.testcases.ContactsPageTest" tests="2" failures="0" timestamp="2021-04-11T13:22:08 IST" time="73.652" errors="0">
  <testcase name="verifyContactsTableHeadingTest" time="73.652" classname="com.crm.qa.testcases.ContactsPageTest"/>
  <system-out/>
  <testcase name="verifyContactsTitleTest" classname="com.crm.qa.testcases.ContactsPageTest">
    <skipped/>
  </testcase> <!-- verifyContactsTitleTest -->
  <system-out/>
</testsuite> <!-- com.crm.qa.testcases.ContactsPageTest -->
