<?xml version="1.0" encoding="UTF-8"?>
<!-- Generated by org.testng.reporters.JUnitReportReporter -->
<testsuite skipped="1" hostname="INPF182FJR" name="com.crm.qa.testcases.ContactsPageTest" tests="2" failures="0" timestamp="2021-04-07T11:01:28 IST" time="42.411" errors="0">
  <testcase name="verifyContactsTableHeadingTest" time="42.411" classname="com.crm.qa.testcases.ContactsPageTest"/>
  <system-out/>
  <testcase name="verifyContactsTitleTest" classname="com.crm.qa.testcases.ContactsPageTest">
    <skipped/>
  </testcase> <!-- verifyContactsTitleTest -->
  <system-out/>
</testsuite> <!-- com.crm.qa.testcases.ContactsPageTest -->
